Determining if the include file dl.h exists failed with the following output:
Change Dir: /home/matthias/rolog/src/linux/CMakeFiles/CMakeTmp

Run Build Command(s):/usr/bin/gmake cmTC_6c965/fast && /usr/bin/gmake  -f CMakeFiles/cmTC_6c965.dir/build.make CMakeFiles/cmTC_6c965.dir/build
gmake[1]: Entering directory '/home/matthias/rolog/src/linux/CMakeFiles/CMakeTmp'
Building C object CMakeFiles/cmTC_6c965.dir/CheckIncludeFile.c.o
/usr/bin/cc -DcmTC_6c965_EXPORTS   -o CMakeFiles/cmTC_6c965.dir/CheckIncludeFile.c.o -c /home/matthias/rolog/src/linux/CMakeFiles/CMakeTmp/CheckIncludeFile.c
/home/matthias/rolog/src/linux/CMakeFiles/CMakeTmp/CheckIncludeFile.c:1:10: fatal error: dl.h: No such file or directory
    1 | #include <dl.h>
      |          ^~~~~~
compilation terminated.
gmake[1]: *** [CMakeFiles/cmTC_6c965.dir/build.make:85: CMakeFiles/cmTC_6c965.dir/CheckIncludeFile.c.o] Error 1
gmake[1]: Leaving directory '/home/matthias/rolog/src/linux/CMakeFiles/CMakeTmp'
gmake: *** [Makefile:140: cmTC_6c965/fast] Error 2



Determining if the include file dmalloc.h exists failed with the following output:
Change Dir: /home/matthias/rolog/src/linux/CMakeFiles/CMakeTmp

Run Build Command(s):/usr/bin/gmake cmTC_593e6/fast && /usr/bin/gmake  -f CMakeFiles/cmTC_593e6.dir/build.make CMakeFiles/cmTC_593e6.dir/build
gmake[1]: Entering directory '/home/matthias/rolog/src/linux/CMakeFiles/CMakeTmp'
Building C object CMakeFiles/cmTC_593e6.dir/CheckIncludeFile.c.o
/usr/bin/cc -DcmTC_593e6_EXPORTS   -o CMakeFiles/cmTC_593e6.dir/CheckIncludeFile.c.o -c /home/matthias/rolog/src/linux/CMakeFiles/CMakeTmp/CheckIncludeFile.c
/home/matthias/rolog/src/linux/CMakeFiles/CMakeTmp/CheckIncludeFile.c:1:10: fatal error: dmalloc.h: No such file or directory
    1 | #include <dmalloc.h>
      |          ^~~~~~~~~~~
compilation terminated.
gmake[1]: *** [CMakeFiles/cmTC_593e6.dir/build.make:85: CMakeFiles/cmTC_593e6.dir/CheckIncludeFile.c.o] Error 1
gmake[1]: Leaving directory '/home/matthias/rolog/src/linux/CMakeFiles/CMakeTmp'
gmake: *** [Makefile:140: cmTC_593e6/fast] Error 2



Determining if the include file floatingpoint.h exists failed with the following output:
Change Dir: /home/matthias/rolog/src/linux/CMakeFiles/CMakeTmp

Run Build Command(s):/usr/bin/gmake cmTC_12767/fast && /usr/bin/gmake  -f CMakeFiles/cmTC_12767.dir/build.make CMakeFiles/cmTC_12767.dir/build
gmake[1]: Entering directory '/home/matthias/rolog/src/linux/CMakeFiles/CMakeTmp'
Building C object CMakeFiles/cmTC_12767.dir/CheckIncludeFile.c.o
/usr/bin/cc -DcmTC_12767_EXPORTS   -o CMakeFiles/cmTC_12767.dir/CheckIncludeFile.c.o -c /home/matthias/rolog/src/linux/CMakeFiles/CMakeTmp/CheckIncludeFile.c
/home/matthias/rolog/src/linux/CMakeFiles/CMakeTmp/CheckIncludeFile.c:1:10: fatal error: floatingpoint.h: No such file or directory
    1 | #include <floatingpoint.h>
      |          ^~~~~~~~~~~~~~~~~
compilation terminated.
gmake[1]: *** [CMakeFiles/cmTC_12767.dir/build.make:85: CMakeFiles/cmTC_12767.dir/CheckIncludeFile.c.o] Error 1
gmake[1]: Leaving directory '/home/matthias/rolog/src/linux/CMakeFiles/CMakeTmp'
gmake: *** [Makefile:140: cmTC_12767/fast] Error 2



Determining if the include file ieeefp.h exists failed with the following output:
Change Dir: /home/matthias/rolog/src/linux/CMakeFiles/CMakeTmp

Run Build Command(s):/usr/bin/gmake cmTC_617d4/fast && /usr/bin/gmake  -f CMakeFiles/cmTC_617d4.dir/build.make CMakeFiles/cmTC_617d4.dir/build
gmake[1]: Entering directory '/home/matthias/rolog/src/linux/CMakeFiles/CMakeTmp'
Building C object CMakeFiles/cmTC_617d4.dir/CheckIncludeFile.c.o
/usr/bin/cc -DcmTC_617d4_EXPORTS   -o CMakeFiles/cmTC_617d4.dir/CheckIncludeFile.c.o -c /home/matthias/rolog/src/linux/CMakeFiles/CMakeTmp/CheckIncludeFile.c
/home/matthias/rolog/src/linux/CMakeFiles/CMakeTmp/CheckIncludeFile.c:1:10: fatal error: ieeefp.h: No such file or directory
    1 | #include <ieeefp.h>
      |          ^~~~~~~~~~
compilation terminated.
gmake[1]: *** [CMakeFiles/cmTC_617d4.dir/build.make:85: CMakeFiles/cmTC_617d4.dir/CheckIncludeFile.c.o] Error 1
gmake[1]: Leaving directory '/home/matthias/rolog/src/linux/CMakeFiles/CMakeTmp'
gmake: *** [Makefile:140: cmTC_617d4/fast] Error 2



Determining if the include file libloaderapi.h exists failed with the following output:
Change Dir: /home/matthias/rolog/src/linux/CMakeFiles/CMakeTmp

Run Build Command(s):/usr/bin/gmake cmTC_55976/fast && /usr/bin/gmake  -f CMakeFiles/cmTC_55976.dir/build.make CMakeFiles/cmTC_55976.dir/build
gmake[1]: Entering directory '/home/matthias/rolog/src/linux/CMakeFiles/CMakeTmp'
Building C object CMakeFiles/cmTC_55976.dir/CheckIncludeFile.c.o
/usr/bin/cc -DcmTC_55976_EXPORTS   -o CMakeFiles/cmTC_55976.dir/CheckIncludeFile.c.o -c /home/matthias/rolog/src/linux/CMakeFiles/CMakeTmp/CheckIncludeFile.c
/home/matthias/rolog/src/linux/CMakeFiles/CMakeTmp/CheckIncludeFile.c:1:10: fatal error: libloaderapi.h: No such file or directory
    1 | #include <libloaderapi.h>
      |          ^~~~~~~~~~~~~~~~
compilation terminated.
gmake[1]: *** [CMakeFiles/cmTC_55976.dir/build.make:85: CMakeFiles/cmTC_55976.dir/CheckIncludeFile.c.o] Error 1
gmake[1]: Leaving directory '/home/matthias/rolog/src/linux/CMakeFiles/CMakeTmp'
gmake: *** [Makefile:140: cmTC_55976/fast] Error 2



Determining if the include file ncurses/curses.h exists failed with the following output:
Change Dir: /home/matthias/rolog/src/linux/CMakeFiles/CMakeTmp

Run Build Command(s):/usr/bin/gmake cmTC_054d6/fast && /usr/bin/gmake  -f CMakeFiles/cmTC_054d6.dir/build.make CMakeFiles/cmTC_054d6.dir/build
gmake[1]: Entering directory '/home/matthias/rolog/src/linux/CMakeFiles/CMakeTmp'
Building C object CMakeFiles/cmTC_054d6.dir/CheckIncludeFile.c.o
/usr/bin/cc -DcmTC_054d6_EXPORTS   -o CMakeFiles/cmTC_054d6.dir/CheckIncludeFile.c.o -c /home/matthias/rolog/src/linux/CMakeFiles/CMakeTmp/CheckIncludeFile.c
/home/matthias/rolog/src/linux/CMakeFiles/CMakeTmp/CheckIncludeFile.c:1:10: fatal error: ncurses/curses.h: No such file or directory
    1 | #include <ncurses/curses.h>
      |          ^~~~~~~~~~~~~~~~~~
compilation terminated.
gmake[1]: *** [CMakeFiles/cmTC_054d6.dir/build.make:85: CMakeFiles/cmTC_054d6.dir/CheckIncludeFile.c.o] Error 1
gmake[1]: Leaving directory '/home/matthias/rolog/src/linux/CMakeFiles/CMakeTmp'
gmake: *** [Makefile:140: cmTC_054d6/fast] Error 2



Determining if the include file ncurses/term.h exists failed with the following output:
Change Dir: /home/matthias/rolog/src/linux/CMakeFiles/CMakeTmp

Run Build Command(s):/usr/bin/gmake cmTC_58d73/fast && /usr/bin/gmake  -f CMakeFiles/cmTC_58d73.dir/build.make CMakeFiles/cmTC_58d73.dir/build
gmake[1]: Entering directory '/home/matthias/rolog/src/linux/CMakeFiles/CMakeTmp'
Building C object CMakeFiles/cmTC_58d73.dir/CheckIncludeFile.c.o
/usr/bin/cc -DcmTC_58d73_EXPORTS   -o CMakeFiles/cmTC_58d73.dir/CheckIncludeFile.c.o -c /home/matthias/rolog/src/linux/CMakeFiles/CMakeTmp/CheckIncludeFile.c
/home/matthias/rolog/src/linux/CMakeFiles/CMakeTmp/CheckIncludeFile.c:1:10: fatal error: ncurses/term.h: No such file or directory
    1 | #include <ncurses/term.h>
      |          ^~~~~~~~~~~~~~~~
compilation terminated.
gmake[1]: *** [CMakeFiles/cmTC_58d73.dir/build.make:85: CMakeFiles/cmTC_58d73.dir/CheckIncludeFile.c.o] Error 1
gmake[1]: Leaving directory '/home/matthias/rolog/src/linux/CMakeFiles/CMakeTmp'
gmake: *** [Makefile:140: cmTC_58d73/fast] Error 2



Determining if the include file shlobj.h exists failed with the following output:
Change Dir: /home/matthias/rolog/src/linux/CMakeFiles/CMakeTmp

Run Build Command(s):/usr/bin/gmake cmTC_93822/fast && /usr/bin/gmake  -f CMakeFiles/cmTC_93822.dir/build.make CMakeFiles/cmTC_93822.dir/build
gmake[1]: Entering directory '/home/matthias/rolog/src/linux/CMakeFiles/CMakeTmp'
Building C object CMakeFiles/cmTC_93822.dir/CheckIncludeFile.c.o
/usr/bin/cc -DcmTC_93822_EXPORTS   -o CMakeFiles/cmTC_93822.dir/CheckIncludeFile.c.o -c /home/matthias/rolog/src/linux/CMakeFiles/CMakeTmp/CheckIncludeFile.c
/home/matthias/rolog/src/linux/CMakeFiles/CMakeTmp/CheckIncludeFile.c:1:10: fatal error: shlobj.h: No such file or directory
    1 | #include <shlobj.h>
      |          ^~~~~~~~~~
compilation terminated.
gmake[1]: *** [CMakeFiles/cmTC_93822.dir/build.make:85: CMakeFiles/cmTC_93822.dir/CheckIncludeFile.c.o] Error 1
gmake[1]: Leaving directory '/home/matthias/rolog/src/linux/CMakeFiles/CMakeTmp'
gmake: *** [Makefile:140: cmTC_93822/fast] Error 2



Determining if the include file sys/ndir.h exists failed with the following output:
Change Dir: /home/matthias/rolog/src/linux/CMakeFiles/CMakeTmp

Run Build Command(s):/usr/bin/gmake cmTC_a7e61/fast && /usr/bin/gmake  -f CMakeFiles/cmTC_a7e61.dir/build.make CMakeFiles/cmTC_a7e61.dir/build
gmake[1]: Entering directory '/home/matthias/rolog/src/linux/CMakeFiles/CMakeTmp'
Building C object CMakeFiles/cmTC_a7e61.dir/CheckIncludeFile.c.o
/usr/bin/cc -DcmTC_a7e61_EXPORTS   -o CMakeFiles/cmTC_a7e61.dir/CheckIncludeFile.c.o -c /home/matthias/rolog/src/linux/CMakeFiles/CMakeTmp/CheckIncludeFile.c
/home/matthias/rolog/src/linux/CMakeFiles/CMakeTmp/CheckIncludeFile.c:1:10: fatal error: sys/ndir.h: No such file or directory
    1 | #include <sys/ndir.h>
      |          ^~~~~~~~~~~~
compilation terminated.
gmake[1]: *** [CMakeFiles/cmTC_a7e61.dir/build.make:85: CMakeFiles/cmTC_a7e61.dir/CheckIncludeFile.c.o] Error 1
gmake[1]: Leaving directory '/home/matthias/rolog/src/linux/CMakeFiles/CMakeTmp'
gmake: *** [Makefile:140: cmTC_a7e61/fast] Error 2



Determining if the include file sys/termio.h exists failed with the following output:
Change Dir: /home/matthias/rolog/src/linux/CMakeFiles/CMakeTmp

Run Build Command(s):/usr/bin/gmake cmTC_34265/fast && /usr/bin/gmake  -f CMakeFiles/cmTC_34265.dir/build.make CMakeFiles/cmTC_34265.dir/build
gmake[1]: Entering directory '/home/matthias/rolog/src/linux/CMakeFiles/CMakeTmp'
Building C object CMakeFiles/cmTC_34265.dir/CheckIncludeFile.c.o
/usr/bin/cc -DcmTC_34265_EXPORTS   -o CMakeFiles/cmTC_34265.dir/CheckIncludeFile.c.o -c /home/matthias/rolog/src/linux/CMakeFiles/CMakeTmp/CheckIncludeFile.c
/home/matthias/rolog/src/linux/CMakeFiles/CMakeTmp/CheckIncludeFile.c:1:10: fatal error: sys/termio.h: No such file or directory
    1 | #include <sys/termio.h>
      |          ^~~~~~~~~~~~~~
compilation terminated.
gmake[1]: *** [CMakeFiles/cmTC_34265.dir/build.make:85: CMakeFiles/cmTC_34265.dir/CheckIncludeFile.c.o] Error 1
gmake[1]: Leaving directory '/home/matthias/rolog/src/linux/CMakeFiles/CMakeTmp'
gmake: *** [Makefile:140: cmTC_34265/fast] Error 2



Determining if the include file valgrind/valgrind.h exists failed with the following output:
Change Dir: /home/matthias/rolog/src/linux/CMakeFiles/CMakeTmp

Run Build Command(s):/usr/bin/gmake cmTC_7e137/fast && /usr/bin/gmake  -f CMakeFiles/cmTC_7e137.dir/build.make CMakeFiles/cmTC_7e137.dir/build
gmake[1]: Entering directory '/home/matthias/rolog/src/linux/CMakeFiles/CMakeTmp'
Building C object CMakeFiles/cmTC_7e137.dir/CheckIncludeFile.c.o
/usr/bin/cc -DcmTC_7e137_EXPORTS   -o CMakeFiles/cmTC_7e137.dir/CheckIncludeFile.c.o -c /home/matthias/rolog/src/linux/CMakeFiles/CMakeTmp/CheckIncludeFile.c
/home/matthias/rolog/src/linux/CMakeFiles/CMakeTmp/CheckIncludeFile.c:1:10: fatal error: valgrind/valgrind.h: No such file or directory
    1 | #include <valgrind/valgrind.h>
      |          ^~~~~~~~~~~~~~~~~~~~~
compilation terminated.
gmake[1]: *** [CMakeFiles/cmTC_7e137.dir/build.make:85: CMakeFiles/cmTC_7e137.dir/CheckIncludeFile.c.o] Error 1
gmake[1]: Leaving directory '/home/matthias/rolog/src/linux/CMakeFiles/CMakeTmp'
gmake: *** [Makefile:140: cmTC_7e137/fast] Error 2



Determining if the include file vfork.h exists failed with the following output:
Change Dir: /home/matthias/rolog/src/linux/CMakeFiles/CMakeTmp

Run Build Command(s):/usr/bin/gmake cmTC_20116/fast && /usr/bin/gmake  -f CMakeFiles/cmTC_20116.dir/build.make CMakeFiles/cmTC_20116.dir/build
gmake[1]: Entering directory '/home/matthias/rolog/src/linux/CMakeFiles/CMakeTmp'
Building C object CMakeFiles/cmTC_20116.dir/CheckIncludeFile.c.o
/usr/bin/cc -DcmTC_20116_EXPORTS   -o CMakeFiles/cmTC_20116.dir/CheckIncludeFile.c.o -c /home/matthias/rolog/src/linux/CMakeFiles/CMakeTmp/CheckIncludeFile.c
/home/matthias/rolog/src/linux/CMakeFiles/CMakeTmp/CheckIncludeFile.c:1:10: fatal error: vfork.h: No such file or directory
    1 | #include <vfork.h>
      |          ^~~~~~~~~
compilation terminated.
gmake[1]: *** [CMakeFiles/cmTC_20116.dir/build.make:85: CMakeFiles/cmTC_20116.dir/CheckIncludeFile.c.o] Error 1
gmake[1]: Leaving directory '/home/matthias/rolog/src/linux/CMakeFiles/CMakeTmp'
gmake: *** [Makefile:140: cmTC_20116/fast] Error 2



Determining if the include file mach/thread_act.h exists failed with the following output:
Change Dir: /home/matthias/rolog/src/linux/CMakeFiles/CMakeTmp

Run Build Command(s):/usr/bin/gmake cmTC_99d27/fast && /usr/bin/gmake  -f CMakeFiles/cmTC_99d27.dir/build.make CMakeFiles/cmTC_99d27.dir/build
gmake[1]: Entering directory '/home/matthias/rolog/src/linux/CMakeFiles/CMakeTmp'
Building C object CMakeFiles/cmTC_99d27.dir/CheckIncludeFile.c.o
/usr/bin/cc -DcmTC_99d27_EXPORTS   -o CMakeFiles/cmTC_99d27.dir/CheckIncludeFile.c.o -c /home/matthias/rolog/src/linux/CMakeFiles/CMakeTmp/CheckIncludeFile.c
/home/matthias/rolog/src/linux/CMakeFiles/CMakeTmp/CheckIncludeFile.c:1:10: fatal error: mach/thread_act.h: No such file or directory
    1 | #include <mach/thread_act.h>
      |          ^~~~~~~~~~~~~~~~~~~
compilation terminated.
gmake[1]: *** [CMakeFiles/cmTC_99d27.dir/build.make:85: CMakeFiles/cmTC_99d27.dir/CheckIncludeFile.c.o] Error 1
gmake[1]: Leaving directory '/home/matthias/rolog/src/linux/CMakeFiles/CMakeTmp'
gmake: *** [Makefile:140: cmTC_99d27/fast] Error 2



Determining if the include file sys/stropts.h exists failed with the following output:
Change Dir: /home/matthias/rolog/src/linux/CMakeFiles/CMakeTmp

Run Build Command(s):/usr/bin/gmake cmTC_1c62e/fast && /usr/bin/gmake  -f CMakeFiles/cmTC_1c62e.dir/build.make CMakeFiles/cmTC_1c62e.dir/build
gmake[1]: Entering directory '/home/matthias/rolog/src/linux/CMakeFiles/CMakeTmp'
Building C object CMakeFiles/cmTC_1c62e.dir/CheckIncludeFile.c.o
/usr/bin/cc -DcmTC_1c62e_EXPORTS   -o CMakeFiles/cmTC_1c62e.dir/CheckIncludeFile.c.o -c /home/matthias/rolog/src/linux/CMakeFiles/CMakeTmp/CheckIncludeFile.c
/home/matthias/rolog/src/linux/CMakeFiles/CMakeTmp/CheckIncludeFile.c:1:10: fatal error: sys/stropts.h: No such file or directory
    1 | #include <sys/stropts.h>
      |          ^~~~~~~~~~~~~~~
compilation terminated.
gmake[1]: *** [CMakeFiles/cmTC_1c62e.dir/build.make:85: CMakeFiles/cmTC_1c62e.dir/CheckIncludeFile.c.o] Error 1
gmake[1]: Leaving directory '/home/matthias/rolog/src/linux/CMakeFiles/CMakeTmp'
gmake: *** [Makefile:140: cmTC_1c62e/fast] Error 2



Determining if the include file crt_externs.h exists failed with the following output:
Change Dir: /home/matthias/rolog/src/linux/CMakeFiles/CMakeTmp

Run Build Command(s):/usr/bin/gmake cmTC_508b4/fast && /usr/bin/gmake  -f CMakeFiles/cmTC_508b4.dir/build.make CMakeFiles/cmTC_508b4.dir/build
gmake[1]: Entering directory '/home/matthias/rolog/src/linux/CMakeFiles/CMakeTmp'
Building C object CMakeFiles/cmTC_508b4.dir/CheckIncludeFile.c.o
/usr/bin/cc -DcmTC_508b4_EXPORTS   -o CMakeFiles/cmTC_508b4.dir/CheckIncludeFile.c.o -c /home/matthias/rolog/src/linux/CMakeFiles/CMakeTmp/CheckIncludeFile.c
/home/matthias/rolog/src/linux/CMakeFiles/CMakeTmp/CheckIncludeFile.c:1:10: fatal error: crt_externs.h: No such file or directory
    1 | #include <crt_externs.h>
      |          ^~~~~~~~~~~~~~~
compilation terminated.
gmake[1]: *** [CMakeFiles/cmTC_508b4.dir/build.make:85: CMakeFiles/cmTC_508b4.dir/CheckIncludeFile.c.o] Error 1
gmake[1]: Leaving directory '/home/matthias/rolog/src/linux/CMakeFiles/CMakeTmp'
gmake: *** [Makefile:140: cmTC_508b4/fast] Error 2



Determining if the function qsort_s exists failed with the following output:
Change Dir: /home/matthias/rolog/src/linux/CMakeFiles/CMakeTmp

Run Build Command(s):/usr/bin/gmake cmTC_830b3/fast && /usr/bin/gmake  -f CMakeFiles/cmTC_830b3.dir/build.make CMakeFiles/cmTC_830b3.dir/build
gmake[1]: Entering directory '/home/matthias/rolog/src/linux/CMakeFiles/CMakeTmp'
Building C object CMakeFiles/cmTC_830b3.dir/CheckFunctionExists.c.o
/usr/bin/cc -DcmTC_830b3_EXPORTS  -DCHECK_FUNCTION_EXISTS=qsort_s -o CMakeFiles/cmTC_830b3.dir/CheckFunctionExists.c.o -c /usr/share/cmake-3.18/Modules/CheckFunctionExists.c
Linking C executable cmTC_830b3
/usr/bin/cmake -E cmake_link_script CMakeFiles/cmTC_830b3.dir/link.txt --verbose=1
/usr/bin/cc  -DCHECK_FUNCTION_EXISTS=qsort_s -Wl,--export-dynamic -rdynamic CMakeFiles/cmTC_830b3.dir/CheckFunctionExists.c.o -o cmTC_830b3  -ldl -lm -lrt -lcurses /usr/lib/x86_64-linux-gnu/libform.so 
/usr/bin/ld: CMakeFiles/cmTC_830b3.dir/CheckFunctionExists.c.o: in function `main':
CheckFunctionExists.c:(.text+0x14): undefined reference to `qsort_s'
collect2: error: ld returned 1 exit status
gmake[1]: *** [CMakeFiles/cmTC_830b3.dir/build.make:108: cmTC_830b3] Error 1
gmake[1]: Leaving directory '/home/matthias/rolog/src/linux/CMakeFiles/CMakeTmp'
gmake: *** [Makefile:140: cmTC_830b3/fast] Error 2



Determining if the function stricmp exists failed with the following output:
Change Dir: /home/matthias/rolog/src/linux/CMakeFiles/CMakeTmp

Run Build Command(s):/usr/bin/gmake cmTC_1ed00/fast && /usr/bin/gmake  -f CMakeFiles/cmTC_1ed00.dir/build.make CMakeFiles/cmTC_1ed00.dir/build
gmake[1]: Entering directory '/home/matthias/rolog/src/linux/CMakeFiles/CMakeTmp'
Building C object CMakeFiles/cmTC_1ed00.dir/CheckFunctionExists.c.o
/usr/bin/cc -DcmTC_1ed00_EXPORTS  -DCHECK_FUNCTION_EXISTS=stricmp -o CMakeFiles/cmTC_1ed00.dir/CheckFunctionExists.c.o -c /usr/share/cmake-3.18/Modules/CheckFunctionExists.c
Linking C executable cmTC_1ed00
/usr/bin/cmake -E cmake_link_script CMakeFiles/cmTC_1ed00.dir/link.txt --verbose=1
/usr/bin/cc  -DCHECK_FUNCTION_EXISTS=stricmp -Wl,--export-dynamic -rdynamic CMakeFiles/cmTC_1ed00.dir/CheckFunctionExists.c.o -o cmTC_1ed00  -ldl -lm -lrt -lcurses /usr/lib/x86_64-linux-gnu/libform.so 
/usr/bin/ld: CMakeFiles/cmTC_1ed00.dir/CheckFunctionExists.c.o: in function `main':
CheckFunctionExists.c:(.text+0x14): undefined reference to `stricmp'
collect2: error: ld returned 1 exit status
gmake[1]: *** [CMakeFiles/cmTC_1ed00.dir/build.make:108: cmTC_1ed00] Error 1
gmake[1]: Leaving directory '/home/matthias/rolog/src/linux/CMakeFiles/CMakeTmp'
gmake: *** [Makefile:140: cmTC_1ed00/fast] Error 2



Determining if the function strlwr exists failed with the following output:
Change Dir: /home/matthias/rolog/src/linux/CMakeFiles/CMakeTmp

Run Build Command(s):/usr/bin/gmake cmTC_83a66/fast && /usr/bin/gmake  -f CMakeFiles/cmTC_83a66.dir/build.make CMakeFiles/cmTC_83a66.dir/build
gmake[1]: Entering directory '/home/matthias/rolog/src/linux/CMakeFiles/CMakeTmp'
Building C object CMakeFiles/cmTC_83a66.dir/CheckFunctionExists.c.o
/usr/bin/cc -DcmTC_83a66_EXPORTS  -DCHECK_FUNCTION_EXISTS=strlwr -o CMakeFiles/cmTC_83a66.dir/CheckFunctionExists.c.o -c /usr/share/cmake-3.18/Modules/CheckFunctionExists.c
Linking C executable cmTC_83a66
/usr/bin/cmake -E cmake_link_script CMakeFiles/cmTC_83a66.dir/link.txt --verbose=1
/usr/bin/cc  -DCHECK_FUNCTION_EXISTS=strlwr -Wl,--export-dynamic -rdynamic CMakeFiles/cmTC_83a66.dir/CheckFunctionExists.c.o -o cmTC_83a66  -ldl -lm -lrt -lcurses /usr/lib/x86_64-linux-gnu/libform.so 
/usr/bin/ld: CMakeFiles/cmTC_83a66.dir/CheckFunctionExists.c.o: in function `main':
CheckFunctionExists.c:(.text+0x14): undefined reference to `strlwr'
collect2: error: ld returned 1 exit status
gmake[1]: *** [CMakeFiles/cmTC_83a66.dir/build.make:108: cmTC_83a66] Error 1
gmake[1]: Leaving directory '/home/matthias/rolog/src/linux/CMakeFiles/CMakeTmp'
gmake: *** [Makefile:140: cmTC_83a66/fast] Error 2



Determining if the function mbcasescoll exists failed with the following output:
Change Dir: /home/matthias/rolog/src/linux/CMakeFiles/CMakeTmp

Run Build Command(s):/usr/bin/gmake cmTC_ab88a/fast && /usr/bin/gmake  -f CMakeFiles/cmTC_ab88a.dir/build.make CMakeFiles/cmTC_ab88a.dir/build
gmake[1]: Entering directory '/home/matthias/rolog/src/linux/CMakeFiles/CMakeTmp'
Building C object CMakeFiles/cmTC_ab88a.dir/CheckFunctionExists.c.o
/usr/bin/cc -DcmTC_ab88a_EXPORTS  -DCHECK_FUNCTION_EXISTS=mbcasescoll -o CMakeFiles/cmTC_ab88a.dir/CheckFunctionExists.c.o -c /usr/share/cmake-3.18/Modules/CheckFunctionExists.c
Linking C executable cmTC_ab88a
/usr/bin/cmake -E cmake_link_script CMakeFiles/cmTC_ab88a.dir/link.txt --verbose=1
/usr/bin/cc  -DCHECK_FUNCTION_EXISTS=mbcasescoll -Wl,--export-dynamic -rdynamic CMakeFiles/cmTC_ab88a.dir/CheckFunctionExists.c.o -o cmTC_ab88a  -ldl -lm -lrt -lcurses /usr/lib/x86_64-linux-gnu/libform.so 
/usr/bin/ld: CMakeFiles/cmTC_ab88a.dir/CheckFunctionExists.c.o: in function `main':
CheckFunctionExists.c:(.text+0x14): undefined reference to `mbcasescoll'
collect2: error: ld returned 1 exit status
gmake[1]: *** [CMakeFiles/cmTC_ab88a.dir/build.make:108: cmTC_ab88a] Error 1
gmake[1]: Leaving directory '/home/matthias/rolog/src/linux/CMakeFiles/CMakeTmp'
gmake: *** [Makefile:140: cmTC_ab88a/fast] Error 2



Determining if the function _NSGetEnviron exists failed with the following output:
Change Dir: /home/matthias/rolog/src/linux/CMakeFiles/CMakeTmp

Run Build Command(s):/usr/bin/gmake cmTC_7c3b0/fast && /usr/bin/gmake  -f CMakeFiles/cmTC_7c3b0.dir/build.make CMakeFiles/cmTC_7c3b0.dir/build
gmake[1]: Entering directory '/home/matthias/rolog/src/linux/CMakeFiles/CMakeTmp'
Building C object CMakeFiles/cmTC_7c3b0.dir/CheckFunctionExists.c.o
/usr/bin/cc -DcmTC_7c3b0_EXPORTS  -DCHECK_FUNCTION_EXISTS=_NSGetEnviron -o CMakeFiles/cmTC_7c3b0.dir/CheckFunctionExists.c.o -c /usr/share/cmake-3.18/Modules/CheckFunctionExists.c
Linking C executable cmTC_7c3b0
/usr/bin/cmake -E cmake_link_script CMakeFiles/cmTC_7c3b0.dir/link.txt --verbose=1
/usr/bin/cc  -DCHECK_FUNCTION_EXISTS=_NSGetEnviron -Wl,--export-dynamic -rdynamic CMakeFiles/cmTC_7c3b0.dir/CheckFunctionExists.c.o -o cmTC_7c3b0  -ldl -lm -lrt -lcurses /usr/lib/x86_64-linux-gnu/libform.so 
/usr/bin/ld: CMakeFiles/cmTC_7c3b0.dir/CheckFunctionExists.c.o: in function `main':
CheckFunctionExists.c:(.text+0x14): undefined reference to `_NSGetEnviron'
collect2: error: ld returned 1 exit status
gmake[1]: *** [CMakeFiles/cmTC_7c3b0.dir/build.make:108: cmTC_7c3b0] Error 1
gmake[1]: Leaving directory '/home/matthias/rolog/src/linux/CMakeFiles/CMakeTmp'
gmake: *** [Makefile:140: cmTC_7c3b0/fast] Error 2



Determining if the function shl_load exists failed with the following output:
Change Dir: /home/matthias/rolog/src/linux/CMakeFiles/CMakeTmp

Run Build Command(s):/usr/bin/gmake cmTC_c62bb/fast && /usr/bin/gmake  -f CMakeFiles/cmTC_c62bb.dir/build.make CMakeFiles/cmTC_c62bb.dir/build
gmake[1]: Entering directory '/home/matthias/rolog/src/linux/CMakeFiles/CMakeTmp'
Building C object CMakeFiles/cmTC_c62bb.dir/CheckFunctionExists.c.o
/usr/bin/cc -DcmTC_c62bb_EXPORTS  -DCHECK_FUNCTION_EXISTS=shl_load -o CMakeFiles/cmTC_c62bb.dir/CheckFunctionExists.c.o -c /usr/share/cmake-3.18/Modules/CheckFunctionExists.c
Linking C executable cmTC_c62bb
/usr/bin/cmake -E cmake_link_script CMakeFiles/cmTC_c62bb.dir/link.txt --verbose=1
/usr/bin/cc  -DCHECK_FUNCTION_EXISTS=shl_load -Wl,--export-dynamic -rdynamic CMakeFiles/cmTC_c62bb.dir/CheckFunctionExists.c.o -o cmTC_c62bb  -ldl -lm -lrt -lcurses /usr/lib/x86_64-linux-gnu/libform.so 
/usr/bin/ld: CMakeFiles/cmTC_c62bb.dir/CheckFunctionExists.c.o: in function `main':
CheckFunctionExists.c:(.text+0x14): undefined reference to `shl_load'
collect2: error: ld returned 1 exit status
gmake[1]: *** [CMakeFiles/cmTC_c62bb.dir/build.make:108: cmTC_c62bb] Error 1
gmake[1]: Leaving directory '/home/matthias/rolog/src/linux/CMakeFiles/CMakeTmp'
gmake: *** [Makefile:140: cmTC_c62bb/fast] Error 2



Determining if the function sgttyb exists failed with the following output:
Change Dir: /home/matthias/rolog/src/linux/CMakeFiles/CMakeTmp

Run Build Command(s):/usr/bin/gmake cmTC_96e64/fast && /usr/bin/gmake  -f CMakeFiles/cmTC_96e64.dir/build.make CMakeFiles/cmTC_96e64.dir/build
gmake[1]: Entering directory '/home/matthias/rolog/src/linux/CMakeFiles/CMakeTmp'
Building C object CMakeFiles/cmTC_96e64.dir/CheckFunctionExists.c.o
/usr/bin/cc -DcmTC_96e64_EXPORTS  -DCHECK_FUNCTION_EXISTS=sgttyb -o CMakeFiles/cmTC_96e64.dir/CheckFunctionExists.c.o -c /usr/share/cmake-3.18/Modules/CheckFunctionExists.c
Linking C executable cmTC_96e64
/usr/bin/cmake -E cmake_link_script CMakeFiles/cmTC_96e64.dir/link.txt --verbose=1
/usr/bin/cc  -DCHECK_FUNCTION_EXISTS=sgttyb -Wl,--export-dynamic -rdynamic CMakeFiles/cmTC_96e64.dir/CheckFunctionExists.c.o -o cmTC_96e64  -ldl -lm -lrt -lcurses /usr/lib/x86_64-linux-gnu/libform.so 
/usr/bin/ld: CMakeFiles/cmTC_96e64.dir/CheckFunctionExists.c.o: in function `main':
CheckFunctionExists.c:(.text+0x14): undefined reference to `sgttyb'
collect2: error: ld returned 1 exit status
gmake[1]: *** [CMakeFiles/cmTC_96e64.dir/build.make:108: cmTC_96e64] Error 1
gmake[1]: Leaving directory '/home/matthias/rolog/src/linux/CMakeFiles/CMakeTmp'
gmake: *** [Makefile:140: cmTC_96e64/fast] Error 2



Determining if the function fpclass exists failed with the following output:
Change Dir: /home/matthias/rolog/src/linux/CMakeFiles/CMakeTmp

Run Build Command(s):/usr/bin/gmake cmTC_f1554/fast && /usr/bin/gmake  -f CMakeFiles/cmTC_f1554.dir/build.make CMakeFiles/cmTC_f1554.dir/build
gmake[1]: Entering directory '/home/matthias/rolog/src/linux/CMakeFiles/CMakeTmp'
Building C object CMakeFiles/cmTC_f1554.dir/CheckFunctionExists.c.o
/usr/bin/cc -DcmTC_f1554_EXPORTS  -DCHECK_FUNCTION_EXISTS=fpclass -o CMakeFiles/cmTC_f1554.dir/CheckFunctionExists.c.o -c /usr/share/cmake-3.18/Modules/CheckFunctionExists.c
Linking C executable cmTC_f1554
/usr/bin/cmake -E cmake_link_script CMakeFiles/cmTC_f1554.dir/link.txt --verbose=1
/usr/bin/cc  -DCHECK_FUNCTION_EXISTS=fpclass -Wl,--export-dynamic -rdynamic CMakeFiles/cmTC_f1554.dir/CheckFunctionExists.c.o -o cmTC_f1554  -ldl -lm -lrt -lcurses /usr/lib/x86_64-linux-gnu/libform.so 
/usr/bin/ld: CMakeFiles/cmTC_f1554.dir/CheckFunctionExists.c.o: in function `main':
CheckFunctionExists.c:(.text+0x14): undefined reference to `fpclass'
collect2: error: ld returned 1 exit status
gmake[1]: *** [CMakeFiles/cmTC_f1554.dir/build.make:108: cmTC_f1554] Error 1
gmake[1]: Leaving directory '/home/matthias/rolog/src/linux/CMakeFiles/CMakeTmp'
gmake: *** [Makefile:140: cmTC_f1554/fast] Error 2



Determining if the function fpresetsticky exists failed with the following output:
Change Dir: /home/matthias/rolog/src/linux/CMakeFiles/CMakeTmp

Run Build Command(s):/usr/bin/gmake cmTC_6591f/fast && /usr/bin/gmake  -f CMakeFiles/cmTC_6591f.dir/build.make CMakeFiles/cmTC_6591f.dir/build
gmake[1]: Entering directory '/home/matthias/rolog/src/linux/CMakeFiles/CMakeTmp'
Building C object CMakeFiles/cmTC_6591f.dir/CheckFunctionExists.c.o
/usr/bin/cc -DcmTC_6591f_EXPORTS  -DCHECK_FUNCTION_EXISTS=fpresetsticky -o CMakeFiles/cmTC_6591f.dir/CheckFunctionExists.c.o -c /usr/share/cmake-3.18/Modules/CheckFunctionExists.c
Linking C executable cmTC_6591f
/usr/bin/cmake -E cmake_link_script CMakeFiles/cmTC_6591f.dir/link.txt --verbose=1
/usr/bin/cc  -DCHECK_FUNCTION_EXISTS=fpresetsticky -Wl,--export-dynamic -rdynamic CMakeFiles/cmTC_6591f.dir/CheckFunctionExists.c.o -o cmTC_6591f  -ldl -lm -lrt -lcurses /usr/lib/x86_64-linux-gnu/libform.so 
/usr/bin/ld: CMakeFiles/cmTC_6591f.dir/CheckFunctionExists.c.o: in function `main':
CheckFunctionExists.c:(.text+0x14): undefined reference to `fpresetsticky'
collect2: error: ld returned 1 exit status
gmake[1]: *** [CMakeFiles/cmTC_6591f.dir/build.make:108: cmTC_6591f] Error 1
gmake[1]: Leaving directory '/home/matthias/rolog/src/linux/CMakeFiles/CMakeTmp'
gmake: *** [Makefile:140: cmTC_6591f/fast] Error 2



Determining if the function fpsetmask exists failed with the following output:
Change Dir: /home/matthias/rolog/src/linux/CMakeFiles/CMakeTmp

Run Build Command(s):/usr/bin/gmake cmTC_cb38d/fast && /usr/bin/gmake  -f CMakeFiles/cmTC_cb38d.dir/build.make CMakeFiles/cmTC_cb38d.dir/build
gmake[1]: Entering directory '/home/matthias/rolog/src/linux/CMakeFiles/CMakeTmp'
Building C object CMakeFiles/cmTC_cb38d.dir/CheckFunctionExists.c.o
/usr/bin/cc -DcmTC_cb38d_EXPORTS  -DCHECK_FUNCTION_EXISTS=fpsetmask -o CMakeFiles/cmTC_cb38d.dir/CheckFunctionExists.c.o -c /usr/share/cmake-3.18/Modules/CheckFunctionExists.c
Linking C executable cmTC_cb38d
/usr/bin/cmake -E cmake_link_script CMakeFiles/cmTC_cb38d.dir/link.txt --verbose=1
/usr/bin/cc  -DCHECK_FUNCTION_EXISTS=fpsetmask -Wl,--export-dynamic -rdynamic CMakeFiles/cmTC_cb38d.dir/CheckFunctionExists.c.o -o cmTC_cb38d  -ldl -lm -lrt -lcurses /usr/lib/x86_64-linux-gnu/libform.so 
/usr/bin/ld: CMakeFiles/cmTC_cb38d.dir/CheckFunctionExists.c.o: in function `main':
CheckFunctionExists.c:(.text+0x14): undefined reference to `fpsetmask'
collect2: error: ld returned 1 exit status
gmake[1]: *** [CMakeFiles/cmTC_cb38d.dir/build.make:108: cmTC_cb38d] Error 1
gmake[1]: Leaving directory '/home/matthias/rolog/src/linux/CMakeFiles/CMakeTmp'
gmake: *** [Makefile:140: cmTC_cb38d/fast] Error 2



Determining if the function localtime_s exists failed with the following output:
Change Dir: /home/matthias/rolog/src/linux/CMakeFiles/CMakeTmp

Run Build Command(s):/usr/bin/gmake cmTC_83fdb/fast && /usr/bin/gmake  -f CMakeFiles/cmTC_83fdb.dir/build.make CMakeFiles/cmTC_83fdb.dir/build
gmake[1]: Entering directory '/home/matthias/rolog/src/linux/CMakeFiles/CMakeTmp'
Building C object CMakeFiles/cmTC_83fdb.dir/CheckFunctionExists.c.o
/usr/bin/cc -DcmTC_83fdb_EXPORTS  -DCHECK_FUNCTION_EXISTS=localtime_s -o CMakeFiles/cmTC_83fdb.dir/CheckFunctionExists.c.o -c /usr/share/cmake-3.18/Modules/CheckFunctionExists.c
Linking C executable cmTC_83fdb
/usr/bin/cmake -E cmake_link_script CMakeFiles/cmTC_83fdb.dir/link.txt --verbose=1
/usr/bin/cc  -DCHECK_FUNCTION_EXISTS=localtime_s -Wl,--export-dynamic -rdynamic CMakeFiles/cmTC_83fdb.dir/CheckFunctionExists.c.o -o cmTC_83fdb  -ldl -lm -lrt -lcurses /usr/lib/x86_64-linux-gnu/libform.so 
/usr/bin/ld: CMakeFiles/cmTC_83fdb.dir/CheckFunctionExists.c.o: in function `main':
CheckFunctionExists.c:(.text+0x14): undefined reference to `localtime_s'
collect2: error: ld returned 1 exit status
gmake[1]: *** [CMakeFiles/cmTC_83fdb.dir/build.make:108: cmTC_83fdb] Error 1
gmake[1]: Leaving directory '/home/matthias/rolog/src/linux/CMakeFiles/CMakeTmp'
gmake: *** [Makefile:140: cmTC_83fdb/fast] Error 2



Determining if the function delay exists failed with the following output:
Change Dir: /home/matthias/rolog/src/linux/CMakeFiles/CMakeTmp

Run Build Command(s):/usr/bin/gmake cmTC_be931/fast && /usr/bin/gmake  -f CMakeFiles/cmTC_be931.dir/build.make CMakeFiles/cmTC_be931.dir/build
gmake[1]: Entering directory '/home/matthias/rolog/src/linux/CMakeFiles/CMakeTmp'
Building C object CMakeFiles/cmTC_be931.dir/CheckFunctionExists.c.o
/usr/bin/cc -DcmTC_be931_EXPORTS  -DCHECK_FUNCTION_EXISTS=delay -o CMakeFiles/cmTC_be931.dir/CheckFunctionExists.c.o -c /usr/share/cmake-3.18/Modules/CheckFunctionExists.c
Linking C executable cmTC_be931
/usr/bin/cmake -E cmake_link_script CMakeFiles/cmTC_be931.dir/link.txt --verbose=1
/usr/bin/cc  -DCHECK_FUNCTION_EXISTS=delay -Wl,--export-dynamic -rdynamic CMakeFiles/cmTC_be931.dir/CheckFunctionExists.c.o -o cmTC_be931  -ldl -lm -lrt -lcurses /usr/lib/x86_64-linux-gnu/libform.so 
/usr/bin/ld: CMakeFiles/cmTC_be931.dir/CheckFunctionExists.c.o: in function `main':
CheckFunctionExists.c:(.text+0x14): undefined reference to `delay'
collect2: error: ld returned 1 exit status
gmake[1]: *** [CMakeFiles/cmTC_be931.dir/build.make:108: cmTC_be931] Error 1
gmake[1]: Leaving directory '/home/matthias/rolog/src/linux/CMakeFiles/CMakeTmp'
gmake: *** [Makefile:140: cmTC_be931/fast] Error 2



Determining if the function dossleep exists failed with the following output:
Change Dir: /home/matthias/rolog/src/linux/CMakeFiles/CMakeTmp

Run Build Command(s):/usr/bin/gmake cmTC_45a0c/fast && /usr/bin/gmake  -f CMakeFiles/cmTC_45a0c.dir/build.make CMakeFiles/cmTC_45a0c.dir/build
gmake[1]: Entering directory '/home/matthias/rolog/src/linux/CMakeFiles/CMakeTmp'
Building C object CMakeFiles/cmTC_45a0c.dir/CheckFunctionExists.c.o
/usr/bin/cc -DcmTC_45a0c_EXPORTS  -DCHECK_FUNCTION_EXISTS=dossleep -o CMakeFiles/cmTC_45a0c.dir/CheckFunctionExists.c.o -c /usr/share/cmake-3.18/Modules/CheckFunctionExists.c
Linking C executable cmTC_45a0c
/usr/bin/cmake -E cmake_link_script CMakeFiles/cmTC_45a0c.dir/link.txt --verbose=1
/usr/bin/cc  -DCHECK_FUNCTION_EXISTS=dossleep -Wl,--export-dynamic -rdynamic CMakeFiles/cmTC_45a0c.dir/CheckFunctionExists.c.o -o cmTC_45a0c  -ldl -lm -lrt -lcurses /usr/lib/x86_64-linux-gnu/libform.so 
/usr/bin/ld: CMakeFiles/cmTC_45a0c.dir/CheckFunctionExists.c.o: in function `main':
CheckFunctionExists.c:(.text+0x14): undefined reference to `dossleep'
collect2: error: ld returned 1 exit status
gmake[1]: *** [CMakeFiles/cmTC_45a0c.dir/build.make:108: cmTC_45a0c] Error 1
gmake[1]: Leaving directory '/home/matthias/rolog/src/linux/CMakeFiles/CMakeTmp'
gmake: *** [Makefile:140: cmTC_45a0c/fast] Error 2



Determining if the function WSAPoll exists failed with the following output:
Change Dir: /home/matthias/rolog/src/linux/CMakeFiles/CMakeTmp

Run Build Command(s):/usr/bin/gmake cmTC_36ba2/fast && /usr/bin/gmake  -f CMakeFiles/cmTC_36ba2.dir/build.make CMakeFiles/cmTC_36ba2.dir/build
gmake[1]: Entering directory '/home/matthias/rolog/src/linux/CMakeFiles/CMakeTmp'
Building C object CMakeFiles/cmTC_36ba2.dir/CheckFunctionExists.c.o
/usr/bin/cc -DcmTC_36ba2_EXPORTS  -DCHECK_FUNCTION_EXISTS=WSAPoll -o CMakeFiles/cmTC_36ba2.dir/CheckFunctionExists.c.o -c /usr/share/cmake-3.18/Modules/CheckFunctionExists.c
Linking C executable cmTC_36ba2
/usr/bin/cmake -E cmake_link_script CMakeFiles/cmTC_36ba2.dir/link.txt --verbose=1
/usr/bin/cc  -DCHECK_FUNCTION_EXISTS=WSAPoll -Wl,--export-dynamic -rdynamic CMakeFiles/cmTC_36ba2.dir/CheckFunctionExists.c.o -o cmTC_36ba2  -ldl -lm -lrt -lcurses /usr/lib/x86_64-linux-gnu/libform.so 
/usr/bin/ld: CMakeFiles/cmTC_36ba2.dir/CheckFunctionExists.c.o: in function `main':
CheckFunctionExists.c:(.text+0x14): undefined reference to `WSAPoll'
collect2: error: ld returned 1 exit status
gmake[1]: *** [CMakeFiles/cmTC_36ba2.dir/build.make:108: cmTC_36ba2] Error 1
gmake[1]: Leaving directory '/home/matthias/rolog/src/linux/CMakeFiles/CMakeTmp'
gmake: *** [Makefile:140: cmTC_36ba2/fast] Error 2



Determining if the function WinExec exists failed with the following output:
Change Dir: /home/matthias/rolog/src/linux/CMakeFiles/CMakeTmp

Run Build Command(s):/usr/bin/gmake cmTC_50bac/fast && /usr/bin/gmake  -f CMakeFiles/cmTC_50bac.dir/build.make CMakeFiles/cmTC_50bac.dir/build
gmake[1]: Entering directory '/home/matthias/rolog/src/linux/CMakeFiles/CMakeTmp'
Building C object CMakeFiles/cmTC_50bac.dir/CheckFunctionExists.c.o
/usr/bin/cc -DcmTC_50bac_EXPORTS  -DCHECK_FUNCTION_EXISTS=WinExec -o CMakeFiles/cmTC_50bac.dir/CheckFunctionExists.c.o -c /usr/share/cmake-3.18/Modules/CheckFunctionExists.c
Linking C executable cmTC_50bac
/usr/bin/cmake -E cmake_link_script CMakeFiles/cmTC_50bac.dir/link.txt --verbose=1
/usr/bin/cc  -DCHECK_FUNCTION_EXISTS=WinExec -Wl,--export-dynamic -rdynamic CMakeFiles/cmTC_50bac.dir/CheckFunctionExists.c.o -o cmTC_50bac  -ldl -lm -lrt -lcurses /usr/lib/x86_64-linux-gnu/libform.so 
/usr/bin/ld: CMakeFiles/cmTC_50bac.dir/CheckFunctionExists.c.o: in function `main':
CheckFunctionExists.c:(.text+0x14): undefined reference to `WinExec'
collect2: error: ld returned 1 exit status
gmake[1]: *** [CMakeFiles/cmTC_50bac.dir/build.make:108: cmTC_50bac] Error 1
gmake[1]: Leaving directory '/home/matthias/rolog/src/linux/CMakeFiles/CMakeTmp'
gmake: *** [Makefile:140: cmTC_50bac/fast] Error 2



Performing C SOURCE FILE Test HAVE_GMP_RANDINIT_MT failed with the following output:
Change Dir: /home/matthias/rolog/src/linux/CMakeFiles/CMakeTmp

Run Build Command(s):/usr/bin/gmake cmTC_8a6af/fast && /usr/bin/gmake  -f CMakeFiles/cmTC_8a6af.dir/build.make CMakeFiles/cmTC_8a6af.dir/build
gmake[1]: Entering directory '/home/matthias/rolog/src/linux/CMakeFiles/CMakeTmp'
Building C object CMakeFiles/cmTC_8a6af.dir/src.c.o
/usr/bin/cc -DcmTC_8a6af_EXPORTS  -DHAVE_GMP_RANDINIT_MT -o CMakeFiles/cmTC_8a6af.dir/src.c.o -c /home/matthias/rolog/src/linux/CMakeFiles/CMakeTmp/src.c
Linking C executable cmTC_8a6af
/usr/bin/cmake -E cmake_link_script CMakeFiles/cmTC_8a6af.dir/link.txt --verbose=1
/usr/bin/cc  -DHAVE_GMP_RANDINIT_MT -Wl,--export-dynamic -rdynamic CMakeFiles/cmTC_8a6af.dir/src.c.o -o cmTC_8a6af  -ldl -lm -lrt -lcurses /usr/lib/x86_64-linux-gnu/libform.so 
/usr/bin/ld: CMakeFiles/cmTC_8a6af.dir/src.c.o: in function `main':
src.c:(.text+0xe): undefined reference to `__gmp_randinit_mt'
collect2: error: ld returned 1 exit status
gmake[1]: *** [CMakeFiles/cmTC_8a6af.dir/build.make:108: cmTC_8a6af] Error 1
gmake[1]: Leaving directory '/home/matthias/rolog/src/linux/CMakeFiles/CMakeTmp'
gmake: *** [Makefile:140: cmTC_8a6af/fast] Error 2


Source file was:
#include <gmp.h>
int main() { gmp_randinit_mt(0); return 0;}
Determining if the function socket exists in the socket failed with the following output:
Change Dir: /home/matthias/rolog/src/linux/CMakeFiles/CMakeTmp

Run Build Command(s):/usr/bin/gmake cmTC_9d294/fast && /usr/bin/gmake  -f CMakeFiles/cmTC_9d294.dir/build.make CMakeFiles/cmTC_9d294.dir/build
gmake[1]: Entering directory '/home/matthias/rolog/src/linux/CMakeFiles/CMakeTmp'
Building C object CMakeFiles/cmTC_9d294.dir/CheckFunctionExists.c.o
/usr/bin/cc -DcmTC_9d294_EXPORTS  -DCHECK_FUNCTION_EXISTS=socket -o CMakeFiles/cmTC_9d294.dir/CheckFunctionExists.c.o -c /usr/share/cmake-3.18/Modules/CheckFunctionExists.c
Linking C executable cmTC_9d294
/usr/bin/cmake -E cmake_link_script CMakeFiles/cmTC_9d294.dir/link.txt --verbose=1
/usr/bin/cc  -DCHECK_FUNCTION_EXISTS=socket -Wl,--export-dynamic -rdynamic CMakeFiles/cmTC_9d294.dir/CheckFunctionExists.c.o -o cmTC_9d294  -lsocket 
/usr/bin/ld: cannot find -lsocket
collect2: error: ld returned 1 exit status
gmake[1]: *** [CMakeFiles/cmTC_9d294.dir/build.make:106: cmTC_9d294] Error 1
gmake[1]: Leaving directory '/home/matthias/rolog/src/linux/CMakeFiles/CMakeTmp'
gmake: *** [Makefile:140: cmTC_9d294/fast] Error 2



Determining if the function crypt exists failed with the following output:
Change Dir: /home/matthias/rolog/src/linux/CMakeFiles/CMakeTmp

Run Build Command(s):/usr/bin/gmake cmTC_34122/fast && /usr/bin/gmake  -f CMakeFiles/cmTC_34122.dir/build.make CMakeFiles/cmTC_34122.dir/build
gmake[1]: Entering directory '/home/matthias/rolog/src/linux/CMakeFiles/CMakeTmp'
Building C object CMakeFiles/cmTC_34122.dir/CheckFunctionExists.c.o
/usr/bin/cc -DcmTC_34122_EXPORTS  -DCHECK_FUNCTION_EXISTS=crypt -o CMakeFiles/cmTC_34122.dir/CheckFunctionExists.c.o -c /usr/share/cmake-3.18/Modules/CheckFunctionExists.c
Linking C executable cmTC_34122
/usr/bin/cmake -E cmake_link_script CMakeFiles/cmTC_34122.dir/link.txt --verbose=1
/usr/bin/cc  -DCHECK_FUNCTION_EXISTS=crypt -Wl,--export-dynamic -rdynamic CMakeFiles/cmTC_34122.dir/CheckFunctionExists.c.o -o cmTC_34122 
/usr/bin/ld: CMakeFiles/cmTC_34122.dir/CheckFunctionExists.c.o: in function `main':
CheckFunctionExists.c:(.text+0x14): undefined reference to `crypt'
collect2: error: ld returned 1 exit status
gmake[1]: *** [CMakeFiles/cmTC_34122.dir/build.make:106: cmTC_34122] Error 1
gmake[1]: Leaving directory '/home/matthias/rolog/src/linux/CMakeFiles/CMakeTmp'
gmake: *** [Makefile:140: cmTC_34122/fast] Error 2



Determining if the include file io.h exists failed with the following output:
Change Dir: /home/matthias/rolog/src/linux/CMakeFiles/CMakeTmp

Run Build Command(s):/usr/bin/gmake cmTC_73494/fast && /usr/bin/gmake  -f CMakeFiles/cmTC_73494.dir/build.make CMakeFiles/cmTC_73494.dir/build
gmake[1]: Entering directory '/home/matthias/rolog/src/linux/CMakeFiles/CMakeTmp'
Building C object CMakeFiles/cmTC_73494.dir/CheckIncludeFile.c.o
/usr/bin/cc -DcmTC_73494_EXPORTS   -o CMakeFiles/cmTC_73494.dir/CheckIncludeFile.c.o -c /home/matthias/rolog/src/linux/CMakeFiles/CMakeTmp/CheckIncludeFile.c
/home/matthias/rolog/src/linux/CMakeFiles/CMakeTmp/CheckIncludeFile.c:1:10: fatal error: io.h: No such file or directory
    1 | #include <io.h>
      |          ^~~~~~
compilation terminated.
gmake[1]: *** [CMakeFiles/cmTC_73494.dir/build.make:85: CMakeFiles/cmTC_73494.dir/CheckIncludeFile.c.o] Error 1
gmake[1]: Leaving directory '/home/matthias/rolog/src/linux/CMakeFiles/CMakeTmp'
gmake: *** [Makefile:140: cmTC_73494/fast] Error 2



Performing C SOURCE FILE Test HAVE_SET_RPC_SERVER failed with the following output:
Change Dir: /home/matthias/rolog/src/linux/CMakeFiles/CMakeTmp

Run Build Command(s):/usr/bin/gmake cmTC_2ddb1/fast && /usr/bin/gmake  -f CMakeFiles/cmTC_2ddb1.dir/build.make CMakeFiles/cmTC_2ddb1.dir/build
gmake[1]: Entering directory '/home/matthias/rolog/src/linux/CMakeFiles/CMakeTmp'
Building C object CMakeFiles/cmTC_2ddb1.dir/src.c.o
/usr/bin/cc -DcmTC_2ddb1_EXPORTS  -DHAVE_SET_RPC_SERVER -o CMakeFiles/cmTC_2ddb1.dir/src.c.o -c /home/matthias/rolog/src/linux/CMakeFiles/CMakeTmp/src.c
/home/matthias/rolog/src/linux/CMakeFiles/CMakeTmp/src.c: In function ‘main’:
/home/matthias/rolog/src/linux/CMakeFiles/CMakeTmp/src.c:6:29: error: ‘DB_ENV’ has no member named ‘set_rpc_server’
    6 |   (void)sizeof(((DB_ENV *)0)->set_rpc_server);
      |                             ^~
gmake[1]: *** [CMakeFiles/cmTC_2ddb1.dir/build.make:85: CMakeFiles/cmTC_2ddb1.dir/src.c.o] Error 1
gmake[1]: Leaving directory '/home/matthias/rolog/src/linux/CMakeFiles/CMakeTmp'
gmake: *** [Makefile:140: cmTC_2ddb1/fast] Error 2


Source file was:

#include <db.h>

int main()
{
  (void)sizeof(((DB_ENV *)0)->set_rpc_server);
  return 0;
}

Performing C SOURCE FILE Test HAVE_SET_SERVER failed with the following output:
Change Dir: /home/matthias/rolog/src/linux/CMakeFiles/CMakeTmp

Run Build Command(s):/usr/bin/gmake cmTC_689a5/fast && /usr/bin/gmake  -f CMakeFiles/cmTC_689a5.dir/build.make CMakeFiles/cmTC_689a5.dir/build
gmake[1]: Entering directory '/home/matthias/rolog/src/linux/CMakeFiles/CMakeTmp'
Building C object CMakeFiles/cmTC_689a5.dir/src.c.o
/usr/bin/cc -DcmTC_689a5_EXPORTS  -DHAVE_SET_SERVER -o CMakeFiles/cmTC_689a5.dir/src.c.o -c /home/matthias/rolog/src/linux/CMakeFiles/CMakeTmp/src.c
/home/matthias/rolog/src/linux/CMakeFiles/CMakeTmp/src.c: In function ‘main’:
/home/matthias/rolog/src/linux/CMakeFiles/CMakeTmp/src.c:6:29: error: ‘DB_ENV’ has no member named ‘set_server’
    6 |   (void)sizeof(((DB_ENV *)0)->set_server);
      |                             ^~
gmake[1]: *** [CMakeFiles/cmTC_689a5.dir/build.make:85: CMakeFiles/cmTC_689a5.dir/src.c.o] Error 1
gmake[1]: Leaving directory '/home/matthias/rolog/src/linux/CMakeFiles/CMakeTmp'
gmake: *** [Makefile:140: cmTC_689a5/fast] Error 2


Source file was:

#include <db.h>

int main()
{
  (void)sizeof(((DB_ENV *)0)->set_server);
  return 0;
}

Determining if the include file Security/Security.h exists failed with the following output:
Change Dir: /home/matthias/rolog/src/linux/CMakeFiles/CMakeTmp

Run Build Command(s):/usr/bin/gmake cmTC_f9691/fast && /usr/bin/gmake  -f CMakeFiles/cmTC_f9691.dir/build.make CMakeFiles/cmTC_f9691.dir/build
gmake[1]: Entering directory '/home/matthias/rolog/src/linux/CMakeFiles/CMakeTmp'
Building C object CMakeFiles/cmTC_f9691.dir/CheckIncludeFile.c.o
/usr/bin/cc -DcmTC_f9691_EXPORTS   -o CMakeFiles/cmTC_f9691.dir/CheckIncludeFile.c.o -c /home/matthias/rolog/src/linux/CMakeFiles/CMakeTmp/CheckIncludeFile.c
/home/matthias/rolog/src/linux/CMakeFiles/CMakeTmp/CheckIncludeFile.c:1:10: fatal error: Security/Security.h: No such file or directory
    1 | #include <Security/Security.h>
      |          ^~~~~~~~~~~~~~~~~~~~~
compilation terminated.
gmake[1]: *** [CMakeFiles/cmTC_f9691.dir/build.make:85: CMakeFiles/cmTC_f9691.dir/CheckIncludeFile.c.o] Error 1
gmake[1]: Leaving directory '/home/matthias/rolog/src/linux/CMakeFiles/CMakeTmp'
gmake: *** [Makefile:140: cmTC_f9691/fast] Error 2



Performing C SOURCE FILE Test HAVE_KSECCLASS failed with the following output:
Change Dir: /home/matthias/rolog/src/linux/CMakeFiles/CMakeTmp

Run Build Command(s):/usr/bin/gmake cmTC_91887/fast && /usr/bin/gmake  -f CMakeFiles/cmTC_91887.dir/build.make CMakeFiles/cmTC_91887.dir/build
gmake[1]: Entering directory '/home/matthias/rolog/src/linux/CMakeFiles/CMakeTmp'
Building C object CMakeFiles/cmTC_91887.dir/src.c.o
/usr/bin/cc -DcmTC_91887_EXPORTS  -DHAVE_KSECCLASS -o CMakeFiles/cmTC_91887.dir/src.c.o -c /home/matthias/rolog/src/linux/CMakeFiles/CMakeTmp/src.c
/home/matthias/rolog/src/linux/CMakeFiles/CMakeTmp/src.c:2:15: fatal error: Security/Security.h: No such file or directory
    2 |      #include <Security/Security.h>
      |               ^~~~~~~~~~~~~~~~~~~~~
compilation terminated.
gmake[1]: *** [CMakeFiles/cmTC_91887.dir/build.make:85: CMakeFiles/cmTC_91887.dir/src.c.o] Error 1
gmake[1]: Leaving directory '/home/matthias/rolog/src/linux/CMakeFiles/CMakeTmp'
gmake: *** [Makefile:140: cmTC_91887/fast] Error 2


Source file was:
#include <sys/types.h>
     #include <Security/Security.h>

     int main() { const void *key = kSecClass; return 0; }
Determining if the function CRYPTO_THREADID_get_callback exists failed with the following output:
Change Dir: /home/matthias/rolog/src/linux/CMakeFiles/CMakeTmp

Run Build Command(s):/usr/bin/gmake cmTC_cf8a5/fast && /usr/bin/gmake  -f CMakeFiles/cmTC_cf8a5.dir/build.make CMakeFiles/cmTC_cf8a5.dir/build
gmake[1]: Entering directory '/home/matthias/rolog/src/linux/CMakeFiles/CMakeTmp'
Building C object CMakeFiles/cmTC_cf8a5.dir/CheckFunctionExists.c.o
/usr/bin/cc -DcmTC_cf8a5_EXPORTS  -DCHECK_FUNCTION_EXISTS=CRYPTO_THREADID_get_callback -o CMakeFiles/cmTC_cf8a5.dir/CheckFunctionExists.c.o -c /usr/share/cmake-3.18/Modules/CheckFunctionExists.c
Linking C executable cmTC_cf8a5
/usr/bin/cmake -E cmake_link_script CMakeFiles/cmTC_cf8a5.dir/link.txt --verbose=1
/usr/bin/cc  -DCHECK_FUNCTION_EXISTS=CRYPTO_THREADID_get_callback -Wl,--export-dynamic -rdynamic CMakeFiles/cmTC_cf8a5.dir/CheckFunctionExists.c.o -o cmTC_cf8a5  /usr/lib/x86_64-linux-gnu/libssl.so /usr/lib/x86_64-linux-gnu/libcrypto.so /usr/lib/x86_64-linux-gnu/libcrypto.so 
/usr/bin/ld: CMakeFiles/cmTC_cf8a5.dir/CheckFunctionExists.c.o: in function `main':
CheckFunctionExists.c:(.text+0x14): undefined reference to `CRYPTO_THREADID_get_callback'
collect2: error: ld returned 1 exit status
gmake[1]: *** [CMakeFiles/cmTC_cf8a5.dir/build.make:109: cmTC_cf8a5] Error 1
gmake[1]: Leaving directory '/home/matthias/rolog/src/linux/CMakeFiles/CMakeTmp'
gmake: *** [Makefile:140: cmTC_cf8a5/fast] Error 2



Determining if the function CRYPTO_THREADID_set_callback exists failed with the following output:
Change Dir: /home/matthias/rolog/src/linux/CMakeFiles/CMakeTmp

Run Build Command(s):/usr/bin/gmake cmTC_3a386/fast && /usr/bin/gmake  -f CMakeFiles/cmTC_3a386.dir/build.make CMakeFiles/cmTC_3a386.dir/build
gmake[1]: Entering directory '/home/matthias/rolog/src/linux/CMakeFiles/CMakeTmp'
Building C object CMakeFiles/cmTC_3a386.dir/CheckFunctionExists.c.o
/usr/bin/cc -DcmTC_3a386_EXPORTS  -DCHECK_FUNCTION_EXISTS=CRYPTO_THREADID_set_callback -o CMakeFiles/cmTC_3a386.dir/CheckFunctionExists.c.o -c /usr/share/cmake-3.18/Modules/CheckFunctionExists.c
Linking C executable cmTC_3a386
/usr/bin/cmake -E cmake_link_script CMakeFiles/cmTC_3a386.dir/link.txt --verbose=1
/usr/bin/cc  -DCHECK_FUNCTION_EXISTS=CRYPTO_THREADID_set_callback -Wl,--export-dynamic -rdynamic CMakeFiles/cmTC_3a386.dir/CheckFunctionExists.c.o -o cmTC_3a386  /usr/lib/x86_64-linux-gnu/libssl.so /usr/lib/x86_64-linux-gnu/libcrypto.so /usr/lib/x86_64-linux-gnu/libcrypto.so 
/usr/bin/ld: CMakeFiles/cmTC_3a386.dir/CheckFunctionExists.c.o: in function `main':
CheckFunctionExists.c:(.text+0x14): undefined reference to `CRYPTO_THREADID_set_callback'
collect2: error: ld returned 1 exit status
gmake[1]: *** [CMakeFiles/cmTC_3a386.dir/build.make:109: cmTC_3a386] Error 1
gmake[1]: Leaving directory '/home/matthias/rolog/src/linux/CMakeFiles/CMakeTmp'
gmake: *** [Makefile:140: cmTC_3a386/fast] Error 2



Determining if the function OPENSSL_zalloc exists failed with the following output:
Change Dir: /home/matthias/rolog/src/linux/CMakeFiles/CMakeTmp

Run Build Command(s):/usr/bin/gmake cmTC_a9e7d/fast && /usr/bin/gmake  -f CMakeFiles/cmTC_a9e7d.dir/build.make CMakeFiles/cmTC_a9e7d.dir/build
gmake[1]: Entering directory '/home/matthias/rolog/src/linux/CMakeFiles/CMakeTmp'
Building C object CMakeFiles/cmTC_a9e7d.dir/CheckFunctionExists.c.o
/usr/bin/cc -DcmTC_a9e7d_EXPORTS  -DCHECK_FUNCTION_EXISTS=OPENSSL_zalloc -o CMakeFiles/cmTC_a9e7d.dir/CheckFunctionExists.c.o -c /usr/share/cmake-3.18/Modules/CheckFunctionExists.c
Linking C executable cmTC_a9e7d
/usr/bin/cmake -E cmake_link_script CMakeFiles/cmTC_a9e7d.dir/link.txt --verbose=1
/usr/bin/cc  -DCHECK_FUNCTION_EXISTS=OPENSSL_zalloc -Wl,--export-dynamic -rdynamic CMakeFiles/cmTC_a9e7d.dir/CheckFunctionExists.c.o -o cmTC_a9e7d  /usr/lib/x86_64-linux-gnu/libssl.so /usr/lib/x86_64-linux-gnu/libcrypto.so /usr/lib/x86_64-linux-gnu/libcrypto.so 
/usr/bin/ld: CMakeFiles/cmTC_a9e7d.dir/CheckFunctionExists.c.o: in function `main':
CheckFunctionExists.c:(.text+0x14): undefined reference to `OPENSSL_zalloc'
collect2: error: ld returned 1 exit status
gmake[1]: *** [CMakeFiles/cmTC_a9e7d.dir/build.make:109: cmTC_a9e7d] Error 1
gmake[1]: Leaving directory '/home/matthias/rolog/src/linux/CMakeFiles/CMakeTmp'
gmake: *** [Makefile:140: cmTC_a9e7d/fast] Error 2



Determining size of CRYPTO_THREADID failed with the following output:
Change Dir: /home/matthias/rolog/src/linux/CMakeFiles/CMakeTmp

Run Build Command(s):/usr/bin/gmake cmTC_048fc/fast && /usr/bin/gmake  -f CMakeFiles/cmTC_048fc.dir/build.make CMakeFiles/cmTC_048fc.dir/build
gmake[1]: Entering directory '/home/matthias/rolog/src/linux/CMakeFiles/CMakeTmp'
Building C object CMakeFiles/cmTC_048fc.dir/SIZEOF_CRYPTO_THREADID.c.o
/usr/bin/cc -DcmTC_048fc_EXPORTS   -o CMakeFiles/cmTC_048fc.dir/SIZEOF_CRYPTO_THREADID.c.o -c /home/matthias/rolog/src/linux/CMakeFiles/CheckTypeSize/SIZEOF_CRYPTO_THREADID.c
/home/matthias/rolog/src/linux/CMakeFiles/CheckTypeSize/SIZEOF_CRYPTO_THREADID.c:28:22: error: ‘CRYPTO_THREADID’ undeclared here (not in a function)
   28 | #define SIZE (sizeof(CRYPTO_THREADID))
      |                      ^~~~~~~~~~~~~~~
/home/matthias/rolog/src/linux/CMakeFiles/CheckTypeSize/SIZEOF_CRYPTO_THREADID.c:30:12: note: in expansion of macro ‘SIZE’
   30 |   ('0' + ((SIZE / 10000)%10)),
      |            ^~~~
gmake[1]: *** [CMakeFiles/cmTC_048fc.dir/build.make:85: CMakeFiles/cmTC_048fc.dir/SIZEOF_CRYPTO_THREADID.c.o] Error 1
gmake[1]: Leaving directory '/home/matthias/rolog/src/linux/CMakeFiles/CMakeTmp'
gmake: *** [Makefile:140: cmTC_048fc/fast] Error 2


/home/matthias/rolog/src/linux/CMakeFiles/CheckTypeSize/SIZEOF_CRYPTO_THREADID.c:
#include <sys/types.h>
#include <stdint.h>
#include <stddef.h>
#include "sys/socket.h"


#undef KEY
#if defined(__i386)
# define KEY '_','_','i','3','8','6'
#elif defined(__x86_64)
# define KEY '_','_','x','8','6','_','6','4'
#elif defined(__PPC64__)
# define KEY '_','_','P','P','C','6','4','_','_'
#elif defined(__ppc64__)
# define KEY '_','_','p','p','c','6','4','_','_'
#elif defined(__PPC__)
# define KEY '_','_','P','P','C','_','_'
#elif defined(__ppc__)
# define KEY '_','_','p','p','c','_','_'
#elif defined(__aarch64__)
# define KEY '_','_','a','a','r','c','h','6','4','_','_'
#elif defined(__ARM_ARCH_7A__)
# define KEY '_','_','A','R','M','_','A','R','C','H','_','7','A','_','_'
#elif defined(__ARM_ARCH_7S__)
# define KEY '_','_','A','R','M','_','A','R','C','H','_','7','S','_','_'
#endif

#define SIZE (sizeof(CRYPTO_THREADID))
static char info_size[] =  {'I', 'N', 'F', 'O', ':', 's','i','z','e','[',
  ('0' + ((SIZE / 10000)%10)),
  ('0' + ((SIZE / 1000)%10)),
  ('0' + ((SIZE / 100)%10)),
  ('0' + ((SIZE / 10)%10)),
  ('0' +  (SIZE    % 10)),
  ']',
#ifdef KEY
  ' ','k','e','y','[', KEY, ']',
#endif
  '\0'};

#ifdef __CLASSIC_C__
int main(argc, argv) int argc; char *argv[];
#else
int main(int argc, char *argv[])
#endif
{
  int require = 0;
  require += info_size[argc];
  (void)argv;
  return require;
}


Performing C SOURCE FILE Test HAVE_X509_VERIFY_PARAM_ID failed with the following output:
Change Dir: /home/matthias/rolog/src/linux/CMakeFiles/CMakeTmp

Run Build Command(s):/usr/bin/gmake cmTC_729c5/fast && /usr/bin/gmake  -f CMakeFiles/cmTC_729c5.dir/build.make CMakeFiles/cmTC_729c5.dir/build
gmake[1]: Entering directory '/home/matthias/rolog/src/linux/CMakeFiles/CMakeTmp'
Building C object CMakeFiles/cmTC_729c5.dir/src.c.o
/usr/bin/cc -DcmTC_729c5_EXPORTS  -DHAVE_X509_VERIFY_PARAM_ID -o CMakeFiles/cmTC_729c5.dir/src.c.o -c /home/matthias/rolog/src/linux/CMakeFiles/CMakeTmp/src.c
/home/matthias/rolog/src/linux/CMakeFiles/CMakeTmp/src.c: In function ‘main’:
/home/matthias/rolog/src/linux/CMakeFiles/CMakeTmp/src.c:6:40: error: invalid use of incomplete typedef ‘X509_VERIFY_PARAM’ {aka ‘struct X509_VERIFY_PARAM_st’}
    6 |   (void)sizeof(((X509_VERIFY_PARAM *)0)->id);
      |                                        ^~
gmake[1]: *** [CMakeFiles/cmTC_729c5.dir/build.make:85: CMakeFiles/cmTC_729c5.dir/src.c.o] Error 1
gmake[1]: Leaving directory '/home/matthias/rolog/src/linux/CMakeFiles/CMakeTmp'
gmake: *** [Makefile:140: cmTC_729c5/fast] Error 2


Source file was:

#include <openssl/ssl.h>

int main()
{
  (void)sizeof(((X509_VERIFY_PARAM *)0)->id);
  return 0;
}

